ApplicationPrototype_SamBranch/ApplicationPrototype/app/build/intermediates/manifest_merge_blame_file/debug/manifest-merger-blame-debug-report.txt
1<?xml version="1.0" encoding="utf-8"?>
2<manifest xmlns:android="http://schemas.android.com/apk/res/android"
3    package="com.bluetooth.php"
4    android:versionCode="1"
5    android:versionName="1.0" >
6
7    <uses-sdk
8        android:minSdkVersion="23"
8-->src\main\AndroidManifest.xml
9        android:targetSdkVersion="30" />
9-->src\main\AndroidManifest.xml
10
11    <uses-permission android:name="android.permission.BLUETOOTH" />
11-->src\main\AndroidManifest.xml:5:5-68
11-->src\main\AndroidManifest.xml:5:22-65
12    <uses-permission android:name="android.permission.BLUETOOTH_ADMIN" />
12-->src\main\AndroidManifest.xml:6:5-74
12-->src\main\AndroidManifest.xml:6:22-71
13    <uses-permission android:name="android.permission.ACCESS_FINE_LOCATION" />
13-->src\main\AndroidManifest.xml:7:5-79
13-->src\main\AndroidManifest.xml:7:22-76
14
15    <uses-feature
15-->src\main\AndroidManifest.xml:9:5-11:35
16        android:name="android.hardware.bluetooth_le"
16-->src\main\AndroidManifest.xml:10:9-53
17        android:required="true" />
17-->src\main\AndroidManifest.xml:11:9-32
18    <uses-feature
18-->src\main\AndroidManifest.xml:12:5-14:34
19        android:name="android.hardware.location"
19-->src\main\AndroidManifest.xml:13:9-51
20        android:required="true" />
20-->src\main\AndroidManifest.xml:14:9-32
21
22    <application
22-->src\main\AndroidManifest.xml:16:5-55:19
23        android:allowBackup="true"
23-->src\main\AndroidManifest.xml:17:9-35
24        android:appComponentFactory="androidx.core.app.CoreComponentFactory"
24-->[androidx.core:core:1.3.1] AndroidManifest.xml:24:18-86
25        android:debuggable="true"
26        android:extractNativeLibs="false"
27        android:icon="@mipmap/ic_launcher"
27-->src\main\AndroidManifest.xml:18:9-43
28        android:label="@string/app_name"
28-->src\main\AndroidManifest.xml:19:9-41
29        android:supportsRtl="true"
29-->src\main\AndroidManifest.xml:20:9-35
30        android:testOnly="true"
31        android:theme="@style/AppTheme" >
31-->src\main\AndroidManifest.xml:21:9-40
32        <activity
32-->src\main\AndroidManifest.xml:22:9-31:20
33            android:name="com.bluetooth.php.ui.MainActivity"
33-->src\main\AndroidManifest.xml:23:13-61
34            android:label="@string/app_name"
34-->src\main\AndroidManifest.xml:24:13-45
35            android:theme="@style/AppTheme.NoActionBar" >
35-->src\main\AndroidManifest.xml:25:13-56
36            <intent-filter>
36-->src\main\AndroidManifest.xml:26:13-30:29
37                <action android:name="android.intent.action.MAIN" />
37-->src\main\AndroidManifest.xml:27:17-69
37-->src\main\AndroidManifest.xml:27:25-66
38
39                <category android:name="android.intent.category.LAUNCHER" />
39-->src\main\AndroidManifest.xml:29:17-77
39-->src\main\AndroidManifest.xml:29:27-74
40            </intent-filter>
41        </activity>
42        <activity android:name="com.bluetooth.php.ui.ConnectBTLEDeviceActivity" >
42-->src\main\AndroidManifest.xml:33:9-35:20
42-->src\main\AndroidManifest.xml:34:13-74
43        </activity>
44        <activity
44-->src\main\AndroidManifest.xml:37:9-41:20
45            android:name="com.bluetooth.php.ui.PeripheralControlActivity"
45-->src\main\AndroidManifest.xml:38:13-74
46            android:label="@string/app_name"
46-->src\main\AndroidManifest.xml:39:13-45
47            android:screenOrientation="portrait" >
47-->src\main\AndroidManifest.xml:40:13-49
48        </activity>
49        <activity
49-->src\main\AndroidManifest.xml:42:9-46:20
50            android:name="com.bluetooth.php.ui.DeviceActionsActivity"
50-->src\main\AndroidManifest.xml:43:13-53
51            android:label="Label TBD"
51-->src\main\AndroidManifest.xml:44:13-38
52            android:screenOrientation="portrait" >
52-->src\main\AndroidManifest.xml:45:13-49
53        </activity>
54        <activity android:name="com.bluetooth.php.ui.SettingsActivity" >
54-->src\main\AndroidManifest.xml:47:9-49:20
54-->src\main\AndroidManifest.xml:48:13-48
55        </activity>
56
57        <service
57-->src\main\AndroidManifest.xml:50:9-53:19
58            android:name="com.bluetooth.php.bluetooth.BleAdapterService"
58-->src\main\AndroidManifest.xml:51:13-73
59            android:enabled="true" >
59-->src\main\AndroidManifest.xml:52:13-35
60        </service>
61    </application>
62
63</manifest>